<?xml version="1.0" encoding="UTF-8"?>
<testsuites name="login" time="38.054" tests="3" failures="0" errors="0">
   <testsuite name="login" tests="3" failures="0" errors="0" time="38.054" skipped="0" timestamp="14-06-2025T10:23:46" hostname="DELL - host.docker.internal" id="Test Suites/login/login">
      <properties>
         <property name="deviceName" value=""/>
         <property name="devicePlatform"/>
         <property name="logFolder" value="C:\\Users\\DELL\\Katalon Studio\\QLCC\\Reports\\20250614_102340\\login\\login\\20250614_102340"/>
         <property name="logFiles" value="C:\\Users\\DELL\\Katalon Studio\\QLCC\\Reports\\20250614_102340\\login\\login\\20250614_102340\\console0.log, C:\\Users\\DELL\\Katalon Studio\\QLCC\\Reports\\20250614_102340\\login\\login\\20250614_102340\\execution0.log"/>
         <property name="attachments" value=""/>
         <property name="hostName" value="DELL - host.docker.internal"/>
         <property name="os" value="Windows 10 64bit"/>
         <property name="katalonVersion" value="10.2.1.0"/>
         <property name="browser" value="Chrome 137.0.7151.70"/>
         <property name="userFullName" value="Cao Nguyễn Xuân Huy"/>
         <property name="hostAddress" value="192.168.2.44"/>
         <property name="sessionId" value="6bed6a74e928a8463b9e4dd65ef2b9a6"/>
         <property name="projectName" value="QLCC"/>
         <property name="seleniumVersion" value="4.28.1"/>
         <property name="proxyInformation" value="ProxyInformation { proxyOption=NO_PROXY, proxyServerType=HTTP, username=, password=********, proxyServerAddress=, proxyServerPort=0, executionList=&quot;&quot;, isApplyToDesiredCapabilities=true }"/>
         <property name="platform" value="Windows 10"/>
      </properties>
      <testcase name="Test Cases/login/login_success" time="22.716" classname="Test Cases/login/login_success" status="PASSED">
         <properties>
            <property name="data_binding"><![CDATA[{"password":"123123zzz","expectedMsg":"userHuy1","username":"userHuy1"}]]></property>
         </properties>
         <system-out><![CDATA[14-06-2025T10:23:47 - [TEST_CASE][PASSED] - Test Cases/login/login_success: Test Cases/login/login_success

14-06-2025T10:23:48 - [TEST_STEP][PASSED] - openBrowser("http://localhost:4200/login"): Browser is opened with url: 'http://localhost:4200/login'

14-06-2025T10:23:48 - [MESSAGE][INFO] - Starting 'Chrome' driver

14-06-2025T10:24:02 - [MESSAGE][INFO] - Action delay is set to 0 milliseconds

14-06-2025T10:24:07 - [MESSAGE][PASSED] - Browser is opened with url: 'http://localhost:4200/login'

14-06-2025T10:24:07 - [TEST_STEP][PASSED] - maximizeWindow(): Current window maximized

14-06-2025T10:24:07 - [MESSAGE][PASSED] - Current window maximized

14-06-2025T10:24:07 - [TEST_STEP][PASSED] - setText(findTestObject("login/Page_Mantis Angular Dashboard Template/input_Username"), username): Text 'userHuy1' is set on object 'Object Repository/login/Page_Mantis Angular Dashboard Template/input_Username'

14-06-2025T10:24:08 - [MESSAGE][PASSED] - Text 'userHuy1' is set on object 'Object Repository/login/Page_Mantis Angular Dashboard Template/input_Username'

14-06-2025T10:24:08 - [TEST_STEP][PASSED] - setText(findTestObject("login/Page_Mantis Angular Dashboard Template/input_Password"), password): Text '123123zzz' is set on object 'Object Repository/login/Page_Mantis Angular Dashboard Template/input_Password'

14-06-2025T10:24:09 - [MESSAGE][PASSED] - Text '123123zzz' is set on object 'Object Repository/login/Page_Mantis Angular Dashboard Template/input_Password'

14-06-2025T10:24:09 - [TEST_STEP][PASSED] - click(findTestObject("login/Page_Mantis Angular Dashboard Template/button_Login")): Object: 'Object Repository/login/Page_Mantis Angular Dashboard Template/button_Login' is clicked on

14-06-2025T10:24:09 - [MESSAGE][PASSED] - Object: 'Object Repository/login/Page_Mantis Angular Dashboard Template/button_Login' is clicked on

14-06-2025T10:24:09 - [TEST_STEP][PASSED] - verifyTextPresent(expectedMsg, false): Text 'userHuy1' is present on page 

14-06-2025T10:24:10 - [MESSAGE][PASSED] - Text 'userHuy1' is present on page]]></system-out>
         <system-err><![CDATA[]]></system-err>
      </testcase>
      <testcase name="Test Cases/login/login_fail" time="7.512" classname="Test Cases/login/login_fail" status="PASSED">
         <properties>
            <property name="data_binding"><![CDATA[{"(Default) passw...":"","username":"userHuy1"}]]></property>
         </properties>
         <system-out><![CDATA[14-06-2025T10:24:10 - [TEST_CASE][PASSED] - Test Cases/login/login_fail: Test Cases/login/login_fail

14-06-2025T10:24:10 - [TEST_STEP][PASSED] - openBrowser("http://localhost:4200/login"): Browser is opened with url: 'http://localhost:4200/login'

14-06-2025T10:24:10 - [MESSAGE][WARNING] - A browser is already opened. Closing browser and opening a new one

14-06-2025T10:24:11 - [MESSAGE][INFO] - Starting 'Chrome' driver

14-06-2025T10:24:11 - [MESSAGE][INFO] - Action delay is set to 0 milliseconds

14-06-2025T10:24:13 - [MESSAGE][PASSED] - Browser is opened with url: 'http://localhost:4200/login'

14-06-2025T10:24:13 - [TEST_STEP][PASSED] - maximizeWindow(): Current window maximized

14-06-2025T10:24:14 - [MESSAGE][PASSED] - Current window maximized

14-06-2025T10:24:14 - [TEST_STEP][PASSED] - setText(findTestObject("login/Page_Mantis Angular Dashboard Template/input_Username"), username): Text 'userHuy1' is set on object 'Object Repository/login/Page_Mantis Angular Dashboard Template/input_Username'

14-06-2025T10:24:14 - [MESSAGE][PASSED] - Text 'userHuy1' is set on object 'Object Repository/login/Page_Mantis Angular Dashboard Template/input_Username'

14-06-2025T10:24:14 - [TEST_STEP][PASSED] - setText(findTestObject("login/Page_Mantis Angular Dashboard Template/input_Password"), password): Text '' is set on object 'Object Repository/login/Page_Mantis Angular Dashboard Template/input_Password'

14-06-2025T10:24:15 - [MESSAGE][PASSED] - Text '' is set on object 'Object Repository/login/Page_Mantis Angular Dashboard Template/input_Password'

14-06-2025T10:24:15 - [TEST_STEP][PASSED] - click(findTestObject("login/Page_Mantis Angular Dashboard Template/button_Login")): Object: 'Object Repository/login/Page_Mantis Angular Dashboard Template/button_Login' is clicked on

14-06-2025T10:24:15 - [MESSAGE][PASSED] - Object: 'Object Repository/login/Page_Mantis Angular Dashboard Template/button_Login' is clicked on

14-06-2025T10:24:15 - [TEST_STEP][PASSED] - verifyAlertPresent(2): Alert is present after 2 second(s).

14-06-2025T10:24:15 - [MESSAGE][PASSED] - Alert is present after 2 second(s).

14-06-2025T10:24:15 - [TEST_STEP][PASSED] - delay(2): Delayed 2 second(s)

14-06-2025T10:24:17 - [MESSAGE][PASSED] - Delayed 2 second(s)]]></system-out>
         <system-err><![CDATA[]]></system-err>
      </testcase>
      <testcase name="Test Cases/login/login_fail" time="6.932" classname="Test Cases/login/login_fail" status="PASSED">
         <properties>
            <property name="data_binding"><![CDATA[{"(Default) usern...":"","password":"123123zzz"}]]></property>
         </properties>
         <system-out><![CDATA[14-06-2025T10:24:17 - [TEST_CASE][PASSED] - Test Cases/login/login_fail: Test Cases/login/login_fail

14-06-2025T10:24:18 - [TEST_STEP][PASSED] - openBrowser("http://localhost:4200/login"): Browser is opened with url: 'http://localhost:4200/login'

14-06-2025T10:24:18 - [MESSAGE][WARNING] - A browser is already opened. Closing browser and opening a new one

14-06-2025T10:24:18 - [MESSAGE][INFO] - Starting 'Chrome' driver

14-06-2025T10:24:18 - [MESSAGE][INFO] - Action delay is set to 0 milliseconds

14-06-2025T10:24:20 - [MESSAGE][PASSED] - Browser is opened with url: 'http://localhost:4200/login'

14-06-2025T10:24:20 - [TEST_STEP][PASSED] - maximizeWindow(): Current window maximized

14-06-2025T10:24:21 - [MESSAGE][PASSED] - Current window maximized

14-06-2025T10:24:21 - [TEST_STEP][PASSED] - setText(findTestObject("login/Page_Mantis Angular Dashboard Template/input_Username"), username): Text '' is set on object 'Object Repository/login/Page_Mantis Angular Dashboard Template/input_Username'

14-06-2025T10:24:21 - [MESSAGE][PASSED] - Text '' is set on object 'Object Repository/login/Page_Mantis Angular Dashboard Template/input_Username'

14-06-2025T10:24:21 - [TEST_STEP][PASSED] - setText(findTestObject("login/Page_Mantis Angular Dashboard Template/input_Password"), password): Text '123123zzz' is set on object 'Object Repository/login/Page_Mantis Angular Dashboard Template/input_Password'

14-06-2025T10:24:22 - [MESSAGE][PASSED] - Text '123123zzz' is set on object 'Object Repository/login/Page_Mantis Angular Dashboard Template/input_Password'

14-06-2025T10:24:22 - [TEST_STEP][PASSED] - click(findTestObject("login/Page_Mantis Angular Dashboard Template/button_Login")): Object: 'Object Repository/login/Page_Mantis Angular Dashboard Template/button_Login' is clicked on

14-06-2025T10:24:22 - [MESSAGE][PASSED] - Object: 'Object Repository/login/Page_Mantis Angular Dashboard Template/button_Login' is clicked on

14-06-2025T10:24:22 - [TEST_STEP][PASSED] - verifyAlertPresent(2): Alert is present after 2 second(s).

14-06-2025T10:24:22 - [MESSAGE][PASSED] - Alert is present after 2 second(s).

14-06-2025T10:24:22 - [TEST_STEP][PASSED] - delay(2): Delayed 2 second(s)

14-06-2025T10:24:24 - [MESSAGE][PASSED] - Delayed 2 second(s)]]></system-out>
         <system-err><![CDATA[]]></system-err>
      </testcase>
      <system-out><![CDATA[14-06-2025T10:23:46 - [TEST_SUITE][PASSED] - login: Test Cases/login/login_fail]]></system-out>
      <system-err><![CDATA[]]></system-err>
   </testsuite>
</testsuites>
