<?xml version="1.0" encoding="UTF-8"?>
<testsuites name="edit_Report" time="90.695" tests="3" failures="0" errors="0">
   <testsuite name="edit_Report" tests="3" failures="0" errors="0" time="90.695" skipped="0" timestamp="14-06-2025T20:55:54" hostname="DELL - host.docker.internal" id="Test Suites/report/edit_Report">
      <properties>
         <property name="deviceName" value=""/>
         <property name="devicePlatform"/>
         <property name="logFolder" value="C:\\Users\\DELL\\Katalon Studio\\QLCC\\Reports\\20250614_205548\\report\\edit_Report\\20250614_205548"/>
         <property name="logFiles" value="C:\\Users\\DELL\\Katalon Studio\\QLCC\\Reports\\20250614_205548\\report\\edit_Report\\20250614_205548\\console0.log, C:\\Users\\DELL\\Katalon Studio\\QLCC\\Reports\\20250614_205548\\report\\edit_Report\\20250614_205548\\execution0.log"/>
         <property name="attachments" value=""/>
         <property name="hostName" value="DELL - host.docker.internal"/>
         <property name="os" value="Windows 10 64bit"/>
         <property name="katalonVersion" value="10.2.1.0"/>
         <property name="browser" value="Chrome 137.0.7151.70"/>
         <property name="userFullName" value="Cao Nguyễn Xuân Huy"/>
         <property name="hostAddress" value="192.168.2.44"/>
         <property name="sessionId" value="db27294677360938aa23395457a4f4c9"/>
         <property name="projectName" value="QLCC"/>
         <property name="seleniumVersion" value="4.28.1"/>
         <property name="proxyInformation" value="ProxyInformation { proxyOption=NO_PROXY, proxyServerType=HTTP, username=, password=********, proxyServerAddress=, proxyServerPort=0, executionList=&quot;&quot;, isApplyToDesiredCapabilities=true }"/>
         <property name="platform" value="Windows 10"/>
      </properties>
      <testcase name="Test Cases/login/login_success" time="7.374" classname="Test Cases/login/login_success" status="PASSED">
         <properties>
            <property name="data_binding"><![CDATA[{"password":"123123zzz","expectedMsg":"userHuy1","username":"userHuy1"}]]></property>
         </properties>
         <system-out><![CDATA[14-06-2025T20:55:55 - [TEST_CASE][PASSED] - Test Cases/login/login_success: Test Cases/login/login_success

14-06-2025T20:55:56 - [TEST_STEP][PASSED] - openBrowser("http://localhost:4200/login"): Browser is opened with url: 'http://localhost:4200/login'

14-06-2025T20:55:56 - [MESSAGE][INFO] - Starting 'Chrome' driver

14-06-2025T20:55:57 - [MESSAGE][INFO] - Action delay is set to 0 milliseconds

14-06-2025T20:56:00 - [MESSAGE][PASSED] - Browser is opened with url: 'http://localhost:4200/login'

14-06-2025T20:56:00 - [TEST_STEP][PASSED] - maximizeWindow(): Current window maximized

14-06-2025T20:56:00 - [MESSAGE][PASSED] - Current window maximized

14-06-2025T20:56:00 - [TEST_STEP][PASSED] - setText(findTestObject("login/Page_Mantis Angular Dashboard Template/input_Username"), username): Text 'userHuy1' is set on object 'Object Repository/login/Page_Mantis Angular Dashboard Template/input_Username'

14-06-2025T20:56:01 - [MESSAGE][PASSED] - Text 'userHuy1' is set on object 'Object Repository/login/Page_Mantis Angular Dashboard Template/input_Username'

14-06-2025T20:56:01 - [TEST_STEP][PASSED] - setText(findTestObject("login/Page_Mantis Angular Dashboard Template/input_Password"), password): Text '123123zzz' is set on object 'Object Repository/login/Page_Mantis Angular Dashboard Template/input_Password'

14-06-2025T20:56:02 - [MESSAGE][PASSED] - Text '123123zzz' is set on object 'Object Repository/login/Page_Mantis Angular Dashboard Template/input_Password'

14-06-2025T20:56:02 - [TEST_STEP][PASSED] - click(findTestObject("login/Page_Mantis Angular Dashboard Template/button_Login")): Object: 'Object Repository/login/Page_Mantis Angular Dashboard Template/button_Login' is clicked on

14-06-2025T20:56:02 - [MESSAGE][PASSED] - Object: 'Object Repository/login/Page_Mantis Angular Dashboard Template/button_Login' is clicked on

14-06-2025T20:56:02 - [TEST_STEP][PASSED] - verifyTextPresent(expectedMsg, false): Text 'userHuy1' is present on page 

14-06-2025T20:56:03 - [MESSAGE][PASSED] - Text 'userHuy1' is present on page]]></system-out>
         <system-err><![CDATA[]]></system-err>
      </testcase>
      <testcase name="Test Cases/report/edit/report_edit_success" time="41.278" classname="Test Cases/report/edit/report_edit_success" status="PASSED">
         <properties>
            <property name="data_binding"><![CDATA[{"date":"15/06/2025","nameReport":"Báo cáo chi tiêu","content":"Chung cư thông báo mọi người về giá tiền điện tăng"}]]></property>
         </properties>
         <system-out><![CDATA[14-06-2025T20:56:03 - [TEST_CASE][PASSED] - Test Cases/report/edit/report_edit_success: Test Cases/report/edit/report_edit_success

14-06-2025T20:56:03 - [TEST_STEP][PASSED] - openBrowser("http://localhost:4200/manage-resident"): Browser is opened with url: 'http://localhost:4200/manage-resident'

14-06-2025T20:56:03 - [MESSAGE][WARNING] - A browser is already opened. Closing browser and opening a new one

14-06-2025T20:56:03 - [MESSAGE][INFO] - Starting 'Chrome' driver

14-06-2025T20:56:04 - [MESSAGE][INFO] - Action delay is set to 0 milliseconds

14-06-2025T20:56:06 - [MESSAGE][PASSED] - Browser is opened with url: 'http://localhost:4200/manage-resident'

14-06-2025T20:56:06 - [TEST_STEP][PASSED] - maximizeWindow(): Current window maximized

14-06-2025T20:56:07 - [MESSAGE][PASSED] - Current window maximized

14-06-2025T20:56:07 - [TEST_STEP][PASSED] - click(findTestObject("report/add/btn_manageReport")): Object: 'Object Repository/report/add/btn_manageReport' is clicked on

14-06-2025T20:56:07 - [MESSAGE][PASSED] - Object: 'Object Repository/report/add/btn_manageReport' is clicked on

14-06-2025T20:56:07 - [TEST_STEP][PASSED] - click(findTestObject("report/edit/btnEdit")): Object: 'Object Repository/report/edit/btnEdit' is clicked on

14-06-2025T20:56:08 - [MESSAGE][PASSED] - Object: 'Object Repository/report/edit/btnEdit' is clicked on

14-06-2025T20:56:08 - [TEST_STEP][PASSED] - setText(findTestObject("report/edit/txtName"), nameReport): Text 'Báo cáo chi tiêu' is set on object 'Object Repository/report/edit/txtName'

14-06-2025T20:56:09 - [MESSAGE][PASSED] - Text 'Báo cáo chi tiêu' is set on object 'Object Repository/report/edit/txtName'

14-06-2025T20:56:09 - [TEST_STEP][PASSED] - setText(findTestObject("report/edit/txtDate"), date): Text '15/06/2025' is set on object 'Object Repository/report/edit/txtDate'

14-06-2025T20:56:09 - [MESSAGE][PASSED] - Text '15/06/2025' is set on object 'Object Repository/report/edit/txtDate'

14-06-2025T20:56:09 - [TEST_STEP][PASSED] - setText(findTestObject("report/edit/txtContent"), content): Text 'Chung cư thông báo mọi người về giá tiền điện tăng' is set on object 'Object Repository/report/edit/txtContent'

14-06-2025T20:56:10 - [MESSAGE][PASSED] - Text 'Chung cư thông báo mọi người về giá tiền điện tăng' is set on object 'Object Repository/report/edit/txtContent'

14-06-2025T20:56:10 - [TEST_STEP][PASSED] - click(findTestObject("report/edit/btnUpdate")): Object: 'Object Repository/report/edit/btnUpdate' is clicked on

14-06-2025T20:56:41 - [MESSAGE][INFO] - Unable to find the element located by 'By.xpath: (.//*[normalize-space(text()) and normalize-space(.)='Content is required.'])[1]/following::button[1]'. Please recheck the objects properties to make sure the desired element is located. 

14-06-2025T20:56:41 - [MESSAGE][WARNING] - [SELF-HEALING] Failed to find element with id 'Object Repository/report/edit/btnUpdate'. Try using Self-healing.

14-06-2025T20:56:41 - [MESSAGE][WARNING] - [SELF-HEALING] The current locator of test object 'Object Repository/report/edit/btnUpdate' was broken. Propose an alternative one: '(.//*[normalize-space(text()) and normalize-space(.)='CodedThemes'])[1]/preceding::button[1]'.

14-06-2025T20:56:41 - [MESSAGE][PASSED] - Object: 'Object Repository/report/edit/btnUpdate' is clicked on

14-06-2025T20:56:41 - [TEST_STEP][PASSED] - waitForAlert(2): Alert is present after 2 second(s).

14-06-2025T20:56:41 - [MESSAGE][PASSED] - Alert is present after 2 second(s).

14-06-2025T20:56:41 - [TEST_STEP][PASSED] - verifyAlertPresent(2): Alert is present after 2 second(s).

14-06-2025T20:56:41 - [MESSAGE][PASSED] - Alert is present after 2 second(s).

14-06-2025T20:56:41 - [TEST_STEP][PASSED] - acceptAlert(): Alert accepted

14-06-2025T20:56:41 - [MESSAGE][PASSED] - Alert accepted

14-06-2025T20:56:41 - [TEST_STEP][PASSED] - delay(2): Delayed 2 second(s)

14-06-2025T20:56:44 - [MESSAGE][PASSED] - Delayed 2 second(s)

14-06-2025T20:56:44 - [TEST_STEP][PASSED] - closeBrowser(): Browser is closed

14-06-2025T20:56:44 - [MESSAGE][PASSED] - Browser is closed]]></system-out>
         <system-err><![CDATA[]]></system-err>
      </testcase>
      <testcase name="Test Cases/report/edit/report_edit_success" time="40.953" classname="Test Cases/report/edit/report_edit_success" status="PASSED">
         <properties>
            <property name="data_binding"><![CDATA[{"date":"30/04/2025","nameReport":"Báo cáo hoạt động","content":"Các hộ đều thực hiện đúng theo các quy định"}]]></property>
         </properties>
         <system-out><![CDATA[14-06-2025T20:56:44 - [TEST_CASE][PASSED] - Test Cases/report/edit/report_edit_success: Test Cases/report/edit/report_edit_success

14-06-2025T20:56:44 - [TEST_STEP][PASSED] - openBrowser("http://localhost:4200/manage-resident"): Browser is opened with url: 'http://localhost:4200/manage-resident'

14-06-2025T20:56:44 - [MESSAGE][INFO] - Starting 'Chrome' driver

14-06-2025T20:56:44 - [MESSAGE][INFO] - Action delay is set to 0 milliseconds

14-06-2025T20:56:47 - [MESSAGE][PASSED] - Browser is opened with url: 'http://localhost:4200/manage-resident'

14-06-2025T20:56:47 - [TEST_STEP][PASSED] - maximizeWindow(): Current window maximized

14-06-2025T20:56:48 - [MESSAGE][PASSED] - Current window maximized

14-06-2025T20:56:48 - [TEST_STEP][PASSED] - click(findTestObject("report/add/btn_manageReport")): Object: 'Object Repository/report/add/btn_manageReport' is clicked on

14-06-2025T20:56:48 - [MESSAGE][PASSED] - Object: 'Object Repository/report/add/btn_manageReport' is clicked on

14-06-2025T20:56:48 - [TEST_STEP][PASSED] - click(findTestObject("report/edit/btnEdit")): Object: 'Object Repository/report/edit/btnEdit' is clicked on

14-06-2025T20:56:49 - [MESSAGE][PASSED] - Object: 'Object Repository/report/edit/btnEdit' is clicked on

14-06-2025T20:56:49 - [TEST_STEP][PASSED] - setText(findTestObject("report/edit/txtName"), nameReport): Text 'Báo cáo hoạt động' is set on object 'Object Repository/report/edit/txtName'

14-06-2025T20:56:49 - [MESSAGE][PASSED] - Text 'Báo cáo hoạt động' is set on object 'Object Repository/report/edit/txtName'

14-06-2025T20:56:49 - [TEST_STEP][PASSED] - setText(findTestObject("report/edit/txtDate"), date): Text '30/04/2025' is set on object 'Object Repository/report/edit/txtDate'

14-06-2025T20:56:50 - [MESSAGE][PASSED] - Text '30/04/2025' is set on object 'Object Repository/report/edit/txtDate'

14-06-2025T20:56:50 - [TEST_STEP][PASSED] - setText(findTestObject("report/edit/txtContent"), content): Text 'Các hộ đều thực hiện đúng theo các quy định' is set on object 'Object Repository/report/edit/txtContent'

14-06-2025T20:56:51 - [MESSAGE][PASSED] - Text 'Các hộ đều thực hiện đúng theo các quy định' is set on object 'Object Repository/report/edit/txtContent'

14-06-2025T20:56:51 - [TEST_STEP][PASSED] - click(findTestObject("report/edit/btnUpdate")): Object: 'Object Repository/report/edit/btnUpdate' is clicked on

14-06-2025T20:57:22 - [MESSAGE][INFO] - Unable to find the element located by 'By.xpath: (.//*[normalize-space(text()) and normalize-space(.)='Content is required.'])[1]/following::button[1]'. Please recheck the objects properties to make sure the desired element is located. 

14-06-2025T20:57:22 - [MESSAGE][WARNING] - [SELF-HEALING] Failed to find element with id 'Object Repository/report/edit/btnUpdate'. Try using Self-healing.

14-06-2025T20:57:22 - [MESSAGE][WARNING] - [SELF-HEALING] The current locator of test object 'Object Repository/report/edit/btnUpdate' was broken. Propose an alternative one: '(.//*[normalize-space(text()) and normalize-space(.)='CodedThemes'])[1]/preceding::button[1]'.

14-06-2025T20:57:22 - [MESSAGE][PASSED] - Object: 'Object Repository/report/edit/btnUpdate' is clicked on

14-06-2025T20:57:22 - [TEST_STEP][PASSED] - waitForAlert(2): Alert is present after 2 second(s).

14-06-2025T20:57:22 - [MESSAGE][PASSED] - Alert is present after 2 second(s).

14-06-2025T20:57:22 - [TEST_STEP][PASSED] - verifyAlertPresent(2): Alert is present after 2 second(s).

14-06-2025T20:57:23 - [MESSAGE][PASSED] - Alert is present after 2 second(s).

14-06-2025T20:57:23 - [TEST_STEP][PASSED] - acceptAlert(): Alert accepted

14-06-2025T20:57:23 - [MESSAGE][PASSED] - Alert accepted

14-06-2025T20:57:23 - [TEST_STEP][PASSED] - delay(2): Delayed 2 second(s)

14-06-2025T20:57:25 - [MESSAGE][PASSED] - Delayed 2 second(s)

14-06-2025T20:57:25 - [TEST_STEP][PASSED] - closeBrowser(): Browser is closed

14-06-2025T20:57:25 - [MESSAGE][PASSED] - Browser is closed]]></system-out>
         <system-err><![CDATA[]]></system-err>
      </testcase>
      <system-out><![CDATA[14-06-2025T20:55:54 - [TEST_SUITE][PASSED] - edit_Report: Test Cases/report/edit/report_edit_success]]></system-out>
      <system-err><![CDATA[]]></system-err>
   </testsuite>
</testsuites>
