<?xml version="1.0" encoding="UTF-8"?>
<testsuites name="detail_delete_Report" time="24.581" tests="3" failures="0" errors="0">
   <testsuite name="detail_delete_Report" tests="3" failures="0" errors="0" time="24.581" skipped="0" timestamp="14-06-2025T20:59:03" hostname="DELL - host.docker.internal" id="Test Suites/report/detail_delete_Report">
      <properties>
         <property name="deviceName" value=""/>
         <property name="devicePlatform"/>
         <property name="logFolder" value="C:\\Users\\DELL\\Katalon Studio\\QLCC\\Reports\\20250614_205855\\report\\detail_delete_Report\\20250614_205856"/>
         <property name="logFiles" value="C:\\Users\\DELL\\Katalon Studio\\QLCC\\Reports\\20250614_205855\\report\\detail_delete_Report\\20250614_205856\\console0.log, C:\\Users\\DELL\\Katalon Studio\\QLCC\\Reports\\20250614_205855\\report\\detail_delete_Report\\20250614_205856\\execution0.log"/>
         <property name="attachments" value=""/>
         <property name="hostName" value="DELL - host.docker.internal"/>
         <property name="os" value="Windows 10 64bit"/>
         <property name="katalonVersion" value="10.2.1.0"/>
         <property name="browser" value="Chrome 137.0.7151.70"/>
         <property name="userFullName" value="Cao Nguyễn Xuân Huy"/>
         <property name="hostAddress" value="192.168.2.44"/>
         <property name="sessionId" value="bd56332b6f503f37adc66c651e9a2e02"/>
         <property name="projectName" value="QLCC"/>
         <property name="seleniumVersion" value="4.28.1"/>
         <property name="proxyInformation" value="ProxyInformation { proxyOption=NO_PROXY, proxyServerType=HTTP, username=, password=********, proxyServerAddress=, proxyServerPort=0, executionList=&quot;&quot;, isApplyToDesiredCapabilities=true }"/>
         <property name="platform" value="Windows 10"/>
      </properties>
      <testcase name="Test Cases/login/login_success" time="8.902" classname="Test Cases/login/login_success" status="PASSED">
         <properties>
            <property name="data_binding"><![CDATA[{"password":"123123zzz","expectedMsg":"userHuy1","username":"userHuy1"}]]></property>
         </properties>
         <system-out><![CDATA[14-06-2025T20:59:04 - [TEST_CASE][PASSED] - Test Cases/login/login_success: Test Cases/login/login_success

14-06-2025T20:59:05 - [TEST_STEP][PASSED] - openBrowser("http://localhost:4200/login"): Browser is opened with url: 'http://localhost:4200/login'

14-06-2025T20:59:06 - [MESSAGE][INFO] - Starting 'Chrome' driver

14-06-2025T20:59:07 - [MESSAGE][INFO] - Action delay is set to 0 milliseconds

14-06-2025T20:59:10 - [MESSAGE][PASSED] - Browser is opened with url: 'http://localhost:4200/login'

14-06-2025T20:59:10 - [TEST_STEP][PASSED] - maximizeWindow(): Current window maximized

14-06-2025T20:59:11 - [MESSAGE][PASSED] - Current window maximized

14-06-2025T20:59:11 - [TEST_STEP][PASSED] - setText(findTestObject("login/Page_Mantis Angular Dashboard Template/input_Username"), username): Text 'userHuy1' is set on object 'Object Repository/login/Page_Mantis Angular Dashboard Template/input_Username'

14-06-2025T20:59:12 - [MESSAGE][PASSED] - Text 'userHuy1' is set on object 'Object Repository/login/Page_Mantis Angular Dashboard Template/input_Username'

14-06-2025T20:59:12 - [TEST_STEP][PASSED] - setText(findTestObject("login/Page_Mantis Angular Dashboard Template/input_Password"), password): Text '123123zzz' is set on object 'Object Repository/login/Page_Mantis Angular Dashboard Template/input_Password'

14-06-2025T20:59:12 - [MESSAGE][PASSED] - Text '123123zzz' is set on object 'Object Repository/login/Page_Mantis Angular Dashboard Template/input_Password'

14-06-2025T20:59:12 - [TEST_STEP][PASSED] - click(findTestObject("login/Page_Mantis Angular Dashboard Template/button_Login")): Object: 'Object Repository/login/Page_Mantis Angular Dashboard Template/button_Login' is clicked on

14-06-2025T20:59:13 - [MESSAGE][PASSED] - Object: 'Object Repository/login/Page_Mantis Angular Dashboard Template/button_Login' is clicked on

14-06-2025T20:59:13 - [TEST_STEP][PASSED] - verifyTextPresent(expectedMsg, false): Text 'userHuy1' is present on page 

14-06-2025T20:59:13 - [MESSAGE][PASSED] - Text 'userHuy1' is present on page]]></system-out>
         <system-err><![CDATA[]]></system-err>
      </testcase>
      <testcase name="Test Cases/report/detail/report_detail" time="7.437" classname="Test Cases/report/detail/report_detail" status="PASSED">
         <properties>
            <property name="data_binding"><![CDATA[{"(Default) date":"","(Default) resid...":"","(Default) numbe...":"","(Default) statu...":"","(Default) numEl...":"","(Default) toile...":"","(Default) numWa...":""}]]></property>
         </properties>
         <system-out><![CDATA[14-06-2025T20:59:13 - [TEST_CASE][PASSED] - Test Cases/report/detail/report_detail: Test Cases/report/detail/report_detail

14-06-2025T20:59:13 - [TEST_STEP][PASSED] - openBrowser("http://localhost:4200/manage-resident"): Browser is opened with url: 'http://localhost:4200/manage-resident'

14-06-2025T20:59:13 - [MESSAGE][WARNING] - A browser is already opened. Closing browser and opening a new one

14-06-2025T20:59:14 - [MESSAGE][INFO] - Starting 'Chrome' driver

14-06-2025T20:59:14 - [MESSAGE][INFO] - Action delay is set to 0 milliseconds

14-06-2025T20:59:17 - [MESSAGE][PASSED] - Browser is opened with url: 'http://localhost:4200/manage-resident'

14-06-2025T20:59:17 - [TEST_STEP][PASSED] - maximizeWindow(): Current window maximized

14-06-2025T20:59:17 - [MESSAGE][PASSED] - Current window maximized

14-06-2025T20:59:17 - [TEST_STEP][PASSED] - click(findTestObject("report/add/btn_manageReport")): Object: 'Object Repository/report/add/btn_manageReport' is clicked on

14-06-2025T20:59:18 - [MESSAGE][PASSED] - Object: 'Object Repository/report/add/btn_manageReport' is clicked on

14-06-2025T20:59:18 - [TEST_STEP][PASSED] - click(findTestObject("report/delete_detail/btnDetail")): Object: 'Object Repository/report/delete_detail/btnDetail' is clicked on

14-06-2025T20:59:18 - [MESSAGE][PASSED] - Object: 'Object Repository/report/delete_detail/btnDetail' is clicked on

14-06-2025T20:59:18 - [TEST_STEP][PASSED] - delay(2): Delayed 2 second(s)

14-06-2025T20:59:20 - [MESSAGE][PASSED] - Delayed 2 second(s)

14-06-2025T20:59:20 - [TEST_STEP][PASSED] - closeBrowser(): Browser is closed

14-06-2025T20:59:21 - [MESSAGE][PASSED] - Browser is closed]]></system-out>
         <system-err><![CDATA[]]></system-err>
      </testcase>
      <testcase name="Test Cases/report/delete/report_delete" time="7.119" classname="Test Cases/report/delete/report_delete" status="PASSED">
         <properties>
            <property name="data_binding"><![CDATA[{"(Default) date":"","(Default) resid...":"","(Default) numbe...":"","(Default) statu...":"","(Default) numEl...":"","(Default) toile...":"","(Default) numWa...":""}]]></property>
         </properties>
         <system-out><![CDATA[14-06-2025T20:59:21 - [TEST_CASE][PASSED] - Test Cases/report/delete/report_delete: Test Cases/report/delete/report_delete

14-06-2025T20:59:21 - [TEST_STEP][PASSED] - openBrowser("http://localhost:4200/manage-resident"): Browser is opened with url: 'http://localhost:4200/manage-resident'

14-06-2025T20:59:21 - [MESSAGE][INFO] - Starting 'Chrome' driver

14-06-2025T20:59:21 - [MESSAGE][INFO] - Action delay is set to 0 milliseconds

14-06-2025T20:59:24 - [MESSAGE][PASSED] - Browser is opened with url: 'http://localhost:4200/manage-resident'

14-06-2025T20:59:24 - [TEST_STEP][PASSED] - maximizeWindow(): Current window maximized

14-06-2025T20:59:24 - [MESSAGE][PASSED] - Current window maximized

14-06-2025T20:59:24 - [TEST_STEP][PASSED] - click(findTestObject("report/add/btn_manageReport")): Object: 'Object Repository/report/add/btn_manageReport' is clicked on

14-06-2025T20:59:25 - [MESSAGE][PASSED] - Object: 'Object Repository/report/add/btn_manageReport' is clicked on

14-06-2025T20:59:25 - [TEST_STEP][PASSED] - click(findTestObject("report/delete_detail/btnDel")): Object: 'Object Repository/report/delete_detail/btnDel' is clicked on

14-06-2025T20:59:25 - [MESSAGE][PASSED] - Object: 'Object Repository/report/delete_detail/btnDel' is clicked on

14-06-2025T20:59:25 - [TEST_STEP][PASSED] - waitForAlert(2): Alert is present after 2 second(s).

14-06-2025T20:59:25 - [MESSAGE][PASSED] - Alert is present after 2 second(s).

14-06-2025T20:59:25 - [TEST_STEP][PASSED] - verifyAlertPresent(2): Alert is present after 2 second(s).

14-06-2025T20:59:25 - [MESSAGE][PASSED] - Alert is present after 2 second(s).

14-06-2025T20:59:25 - [TEST_STEP][PASSED] - acceptAlert(): Alert accepted

14-06-2025T20:59:25 - [MESSAGE][PASSED] - Alert accepted

14-06-2025T20:59:25 - [TEST_STEP][PASSED] - delay(2): Delayed 2 second(s)

14-06-2025T20:59:27 - [MESSAGE][PASSED] - Delayed 2 second(s)

14-06-2025T20:59:27 - [TEST_STEP][PASSED] - closeBrowser(): Browser is closed

14-06-2025T20:59:28 - [MESSAGE][PASSED] - Browser is closed]]></system-out>
         <system-err><![CDATA[]]></system-err>
      </testcase>
      <system-out><![CDATA[14-06-2025T20:59:03 - [TEST_SUITE][PASSED] - detail_delete_Report: Test Cases/report/delete/report_delete]]></system-out>
      <system-err><![CDATA[]]></system-err>
   </testsuite>
</testsuites>
